This is pdfTeX, Version 3.141592653-2.6-1.40.25 (TeX Live 2023) (preloaded format=pdflatex 2024.2.11)  22 JUN 2024 12:19
entering extended mode
 restricted \write18 enabled.
 file:line:error style messages enabled.
 %&-line parsing enabled.
**"a:/Univeristy/Projects/Final Grad/Documentation/version1.0/main.tex"
(a:/Univeristy/Projects/Final Grad/Documentation/version1.0/main.tex
LaTeX2e <2023-11-01> patch level 1
L3 programming layer <2024-01-22>
(a:/Programs/texlive/2023/texmf-dist/tex/latex/base/report.cls
Document Class: report 2023/05/17 v1.4n Standard LaTeX document class
(a:/Programs/texlive/2023/texmf-dist/tex/latex/base/size12.clo
File: size12.clo 2023/05/17 v1.4n Standard LaTeX file (size option)
)
\c@part=\count187
\c@chapter=\count188
\c@section=\count189
\c@subsection=\count190
\c@subsubsection=\count191
\c@paragraph=\count192
\c@subparagraph=\count193
\c@figure=\count194
\c@table=\count195
\abovecaptionskip=\skip48
\belowcaptionskip=\skip49
\bibindent=\dimen140
) (./PackagesAndSettings.tex (a:/Programs/texlive/2023/texmf-dist/tex/latex/geometry/geometry.sty
Package: geometry 2020/01/02 v5.9 Page Geometry
 (a:/Programs/texlive/2023/texmf-dist/tex/latex/graphics/keyval.sty
Package: keyval 2022/05/29 v1.15 key=value parser (DPC)
\KV@toks@=\toks17
) (a:/Programs/texlive/2023/texmf-dist/tex/generic/iftex/ifvtex.sty
Package: ifvtex 2019/10/25 v1.7 ifvtex legacy package. Use iftex instead.
 (a:/Programs/texlive/2023/texmf-dist/tex/generic/iftex/iftex.sty
Package: iftex 2022/02/03 v1.0f TeX engine tests
))
\Gm@cnth=\count196
\Gm@cntv=\count197
\c@Gm@tempcnt=\count198
\Gm@bindingoffset=\dimen141
\Gm@wd@mp=\dimen142
\Gm@odd@mp=\dimen143
\Gm@even@mp=\dimen144
\Gm@layoutwidth=\dimen145
\Gm@layoutheight=\dimen146
\Gm@layouthoffset=\dimen147
\Gm@layoutvoffset=\dimen148
\Gm@dimlist=\toks18
) (a:/Programs/texlive/2023/texmf-dist/tex/latex/fancyhdr/fancyhdr.sty
Package: fancyhdr 2022/11/09 v4.1 Extensive control of page headers and footers
\f@nch@headwidth=\skip50
\f@nch@O@elh=\skip51
\f@nch@O@erh=\skip52
\f@nch@O@olh=\skip53
\f@nch@O@orh=\skip54
\f@nch@O@elf=\skip55
\f@nch@O@erf=\skip56
\f@nch@O@olf=\skip57
\f@nch@O@orf=\skip58
) (a:/Programs/texlive/2023/texmf-dist/tex/latex/tools/tabularx.sty
Package: tabularx 2023/07/08 v2.11c `tabularx' package (DPC)
 (a:/Programs/texlive/2023/texmf-dist/tex/latex/tools/array.sty
Package: array 2023/10/16 v2.5g Tabular extension package (FMi)
\col@sep=\dimen149
\ar@mcellbox=\box51
\extrarowheight=\dimen150
\NC@list=\toks19
\extratabsurround=\skip59
\backup@length=\skip60
\ar@cellbox=\box52
)
\TX@col@width=\dimen151
\TX@old@table=\dimen152
\TX@old@col=\dimen153
\TX@target=\dimen154
\TX@delta=\dimen155
\TX@cols=\count199
\TX@ftn=\toks20
) (a:/Programs/texlive/2023/texmf-dist/tex/generic/babel/babel.sty
Package: babel 2024/02/07 v24.2 The Babel package
\babel@savecnt=\count266
\U@D=\dimen156
\l@unhyphenated=\language89
 (a:/Programs/texlive/2023/texmf-dist/tex/generic/babel/txtbabel.def)
\bbl@readstream=\read2
\bbl@dirlevel=\count267
 (a:/Programs/texlive/2023/texmf-dist/tex/generic/babel-english/english.ldf
Language: english 2017/06/06 v3.3r English support from the babel system
Package babel Info: Hyphen rules for 'canadian' set to \l@english
(babel)             (\language0). Reported on input line 102.
Package babel Info: Hyphen rules for 'australian' set to \l@ukenglish
(babel)             (\language23). Reported on input line 105.
Package babel Info: Hyphen rules for 'newzealand' set to \l@ukenglish
(babel)             (\language23). Reported on input line 108.
)) (a:/Programs/texlive/2023/texmf-dist/tex/generic/babel/locale/en/babel-english.tex
Package babel Info: Importing font and identification data for english
(babel)             from babel-en.ini. Reported on input line 11.
) (a:/Programs/texlive/2023/texmf-dist/tex/latex/base/inputenc.sty
Package: inputenc 2021/02/14 v1.3d Input encoding file
\inpenc@prehook=\toks21
\inpenc@posthook=\toks22
) (a:/Programs/texlive/2023/texmf-dist/tex/latex/graphics/graphicx.sty
Package: graphicx 2021/09/16 v1.2d Enhanced LaTeX Graphics (DPC,SPQR)
 (a:/Programs/texlive/2023/texmf-dist/tex/latex/graphics/graphics.sty
Package: graphics 2022/03/10 v1.4e Standard LaTeX Graphics (DPC,SPQR)
 (a:/Programs/texlive/2023/texmf-dist/tex/latex/graphics/trig.sty
Package: trig 2021/08/11 v1.11 sin cos tan (DPC)
) (a:/Programs/texlive/2023/texmf-dist/tex/latex/graphics-cfg/graphics.cfg
File: graphics.cfg 2016/06/04 v1.11 sample graphics configuration
)
Package graphics Info: Driver file: pdftex.def on input line 107.
 (a:/Programs/texlive/2023/texmf-dist/tex/latex/graphics-def/pdftex.def
File: pdftex.def 2022/09/22 v1.2b Graphics/color driver for pdftex
))
\Gin@req@height=\dimen157
\Gin@req@width=\dimen158
) (a:/Programs/texlive/2023/texmf-dist/tex/latex/svg/svg.sty
Package: svg 2020/11/26 v2.02k (include SVG pictures)
 (a:/Programs/texlive/2023/texmf-dist/tex/latex/koma-script/scrbase.sty
Package: scrbase 2023/07/07 v3.41 KOMA-Script package (KOMA-Script-independent basics and keyval usage)
 (a:/Programs/texlive/2023/texmf-dist/tex/latex/koma-script/scrlfile.sty
Package: scrlfile 2023/07/07 v3.41 KOMA-Script package (file load hooks)
 (a:/Programs/texlive/2023/texmf-dist/tex/latex/koma-script/scrlfile-hook.sty
Package: scrlfile-hook 2023/07/07 v3.41 KOMA-Script package (using LaTeX hooks)
 (a:/Programs/texlive/2023/texmf-dist/tex/latex/koma-script/scrlogo.sty
Package: scrlogo 2023/07/07 v3.41 KOMA-Script package (logo)
)))
Applying: [2021/05/01] Usage of raw or classic option list on input line 252.
Already applied: [0000/00/00] Usage of raw or classic option list on input line 368.
) (a:/Programs/texlive/2023/texmf-dist/tex/generic/pdftexcmds/pdftexcmds.sty
Package: pdftexcmds 2020-06-27 v0.33 Utility functions of pdfTeX for LuaTeX (HO)
 (a:/Programs/texlive/2023/texmf-dist/tex/generic/infwarerr/infwarerr.sty
Package: infwarerr 2019/12/03 v1.5 Providing info/warning/error messages (HO)
) (a:/Programs/texlive/2023/texmf-dist/tex/generic/ltxcmds/ltxcmds.sty
Package: ltxcmds 2023-12-04 v1.26 LaTeX kernel commands for general use (HO)
)
Package pdftexcmds Info: \pdf@primitive is available.
Package pdftexcmds Info: \pdf@ifprimitive is available.
Package pdftexcmds Info: \pdfdraftmode found.
) (a:/Programs/texlive/2023/texmf-dist/tex/latex/trimspaces/trimspaces.sty
Package: trimspaces 2009/09/17 v1.1 Trim spaces around a token list
) (a:/Programs/texlive/2023/texmf-dist/tex/latex/tools/shellesc.sty
Package: shellesc 2023/07/08 v1.0d unified shell escape interface for LaTeX
Package shellesc Info: Restricted shell escape enabled on input line 77.
)
\c@svg@param@lastpage=\count268
\svg@box=\box53
\c@svg@param@currpage=\count269
) (a:/Programs/texlive/2023/texmf-dist/tex/latex/xcolor/xcolor.sty
Package: xcolor 2023/11/15 v3.01 LaTeX color extensions (UK)
 (a:/Programs/texlive/2023/texmf-dist/tex/latex/graphics-cfg/color.cfg
File: color.cfg 2016/01/02 v1.6 sample color configuration
)
Package xcolor Info: Driver file: pdftex.def on input line 274.
 (a:/Programs/texlive/2023/texmf-dist/tex/latex/graphics/mathcolor.ltx)
Package xcolor Info: Model `cmy' substituted by `cmy0' on input line 1350.
Package xcolor Info: Model `hsb' substituted by `rgb' on input line 1354.
Package xcolor Info: Model `RGB' extended on input line 1366.
Package xcolor Info: Model `HTML' substituted by `rgb' on input line 1368.
Package xcolor Info: Model `Hsb' substituted by `hsb' on input line 1369.
Package xcolor Info: Model `tHsb' substituted by `hsb' on input line 1370.
Package xcolor Info: Model `HSB' substituted by `hsb' on input line 1371.
Package xcolor Info: Model `Gray' substituted by `gray' on input line 1372.
Package xcolor Info: Model `wave' substituted by `hsb' on input line 1373.
) (a:/Programs/texlive/2023/texmf-dist/tex/latex/transparent/transparent.sty
Package: transparent 2022-10-27 v1.5 Transparency with color stacks
 (a:/Programs/texlive/2023/texmf-dist/tex/latex/transparent/transparent-nometadata.sty
Package: transparent-nometadata 2022-10-27 v1.5 Transparency via pdfTeX's color stack (HO)
 (a:/Programs/texlive/2023/texmf-dist/tex/latex/auxhook/auxhook.sty
Package: auxhook 2019-12-17 v1.6 Hooks for auxiliary files (HO)
))) (a:/Programs/texlive/2023/texmf-dist/tex/latex/pgf/systemlayer/pgfsys.sty (a:/Programs/texlive/2023/texmf-dist/tex/latex/pgf/utilities/pgfrcs.sty (a:/Programs/texlive/2023/texmf-dist/tex/generic/pgf/utilities/pgfutil-common.tex
\pgfutil@everybye=\toks23
\pgfutil@tempdima=\dimen159
\pgfutil@tempdimb=\dimen160
) (a:/Programs/texlive/2023/texmf-dist/tex/generic/pgf/utilities/pgfutil-latex.def
\pgfutil@abb=\box54
) (a:/Programs/texlive/2023/texmf-dist/tex/generic/pgf/utilities/pgfrcs.code.tex (a:/Programs/texlive/2023/texmf-dist/tex/generic/pgf/pgf.revision.tex)
Package: pgfrcs 2023-01-15 v3.1.10 (3.1.10)
)) (a:/Programs/texlive/2023/texmf-dist/tex/generic/pgf/systemlayer/pgfsys.code.tex
Package: pgfsys 2023-01-15 v3.1.10 (3.1.10)
 (a:/Programs/texlive/2023/texmf-dist/tex/generic/pgf/utilities/pgfkeys.code.tex
\pgfkeys@pathtoks=\toks24
\pgfkeys@temptoks=\toks25
 (a:/Programs/texlive/2023/texmf-dist/tex/generic/pgf/utilities/pgfkeyslibraryfiltered.code.tex
\pgfkeys@tmptoks=\toks26
))
\pgf@x=\dimen161
\pgf@y=\dimen162
\pgf@xa=\dimen163
\pgf@ya=\dimen164
\pgf@xb=\dimen165
\pgf@yb=\dimen166
\pgf@xc=\dimen167
\pgf@yc=\dimen168
\pgf@xd=\dimen169
\pgf@yd=\dimen170
\w@pgf@writea=\write3
\r@pgf@reada=\read3
\c@pgf@counta=\count270
\c@pgf@countb=\count271
\c@pgf@countc=\count272
\c@pgf@countd=\count273
\t@pgf@toka=\toks27
\t@pgf@tokb=\toks28
\t@pgf@tokc=\toks29
\pgf@sys@id@count=\count274
 (a:/Programs/texlive/2023/texmf-dist/tex/generic/pgf/systemlayer/pgf.cfg
File: pgf.cfg 2023-01-15 v3.1.10 (3.1.10)
)
Driver file for pgf: pgfsys-pdftex.def
 (a:/Programs/texlive/2023/texmf-dist/tex/generic/pgf/systemlayer/pgfsys-pdftex.def
File: pgfsys-pdftex.def 2023-01-15 v3.1.10 (3.1.10)
 (a:/Programs/texlive/2023/texmf-dist/tex/generic/pgf/systemlayer/pgfsys-common-pdf.def
File: pgfsys-common-pdf.def 2023-01-15 v3.1.10 (3.1.10)
))) (a:/Programs/texlive/2023/texmf-dist/tex/generic/pgf/systemlayer/pgfsyssoftpath.code.tex
File: pgfsyssoftpath.code.tex 2023-01-15 v3.1.10 (3.1.10)
\pgfsyssoftpath@smallbuffer@items=\count275
\pgfsyssoftpath@bigbuffer@items=\count276
) (a:/Programs/texlive/2023/texmf-dist/tex/generic/pgf/systemlayer/pgfsysprotocol.code.tex
File: pgfsysprotocol.code.tex 2023-01-15 v3.1.10 (3.1.10)
)) (a:/Programs/texlive/2023/texmf-dist/tex/latex/titling/titling.sty
Package: titling 2009/09/04 v2.1d maketitle typesetting
\thanksmarkwidth=\skip61
\thanksmargin=\skip62
\droptitle=\skip63
) (a:/Programs/texlive/2023/texmf-dist/tex/latex/datetime/datetime.sty
Package: datetime 2015/03/20 v2.60 Date Time Package
 (a:/Programs/texlive/2023/texmf-dist/tex/latex/etoolbox/etoolbox.sty
Package: etoolbox 2020/10/05 v2.5k e-TeX tools for LaTeX (JAW)
\etb@tempcnta=\count277
) (a:/Programs/texlive/2023/texmf-dist/tex/latex/fmtcount/fmtcount.sty
Package: fmtcount 2020/01/30 v3.07
 (a:/Programs/texlive/2023/texmf-dist/tex/latex/base/ifthen.sty
Package: ifthen 2022/04/13 v1.1d Standard LaTeX ifthen package (DPC)
) (a:/Programs/texlive/2023/texmf-dist/tex/latex/xkeyval/xkeyval.sty
Package: xkeyval 2022/06/16 v2.9 package option processing (HA)
 (a:/Programs/texlive/2023/texmf-dist/tex/generic/xkeyval/xkeyval.tex (a:/Programs/texlive/2023/texmf-dist/tex/generic/xkeyval/xkvutils.tex
\XKV@toks=\toks30
\XKV@tempa@toks=\toks31
)
\XKV@depth=\count278
File: xkeyval.tex 2014/12/03 v2.7a key=value parser (HA)
)) (a:/Programs/texlive/2023/texmf-dist/tex/latex/fmtcount/fcprefix.sty
Package: fcprefix 2012/09/28
 (a:/Programs/texlive/2023/texmf-dist/tex/latex/fmtcount/fcnumparser.sty
Package: fcnumparser 2017/06/15
\fc@digit@counter=\count279
)) (a:/Programs/texlive/2023/texmf-dist/tex/latex/amsmath/amsgen.sty
File: amsgen.sty 1999/11/30 v2.0 generic functions
\@emptytoks=\toks32
\ex@=\dimen171
)
\c@padzeroesN=\count280
\fc@tmpcatcode=\count281
 (a:/Programs/texlive/2023/texmf-dist/tex/latex/fmtcount/fc-english.def
File: fc-english.def 2016/01/12
)
\@DT@modctr=\count282
\@ordinalctr=\count283
\@orgargctr=\count284
\@strctr=\count285
\@tmpstrctr=\count286
\@DT@loopN=\count287
\@DT@X=\count288
) (a:/Programs/texlive/2023/texmf-dist/tex/latex/datetime/datetime-defaults.sty
Package: datetime-defaults 2013/09/10
)
\@day=\count289
\@month=\count290
\@year=\count291
\c@HOUR=\count292
\c@HOURXII=\count293
\c@MINUTE=\count294
\c@TOHOUR=\count295
\c@TOMINUTE=\count296
\c@SECOND=\count297
\currenthour=\count298
\currentminute=\count299
\currentsecond=\count300
Package datetime Info: No datetime.cfg file found, using default settings on input line 308.
\@dtctr=\count301
\dayofyear=\count302
\dayofweek=\count303
LaTeX Info: Redefining \today on input line 736.
\dt@a=\toks33
\dt@b=\toks34
) (a:/Programs/texlive/2023/texmf-dist/tex/latex/booktabs/booktabs.sty
Package: booktabs 2020/01/12 v1.61803398 Publication quality tables
\heavyrulewidth=\dimen172
\lightrulewidth=\dimen173
\cmidrulewidth=\dimen174
\belowrulesep=\dimen175
\belowbottomsep=\dimen176
\aboverulesep=\dimen177
\abovetopsep=\dimen178
\cmidrulesep=\dimen179
\cmidrulekern=\dimen180
\defaultaddspace=\dimen181
\@cmidla=\count304
\@cmidlb=\count305
\@aboverulesep=\dimen182
\@belowrulesep=\dimen183
\@thisruleclass=\count306
\@lastruleclass=\count307
\@thisrulewidth=\dimen184
) (a:/Programs/texlive/2023/texmf-dist/tex/latex/graphics/rotating.sty
Package: rotating 2016/08/11 v2.16d rotated objects in LaTeX
\c@r@tfl@t=\count308
\rotFPtop=\skip64
\rotFPbot=\skip65
\rot@float@box=\box55
\rot@mess@toks=\toks35
) (a:/Programs/texlive/2023/texmf-dist/tex/latex/float/float.sty
Package: float 2001/11/08 v1.3d Float enhancements (AL)
\c@float@type=\count309
\float@exts=\toks36
\float@box=\box56
\@float@everytoks=\toks37
\@floatcapt=\box57
) (a:/Programs/texlive/2023/texmf-dist/tex/latex/hyperref/hyperref.sty
Package: hyperref 2024-01-20 v7.01h Hypertext links for LaTeX
 (a:/Programs/texlive/2023/texmf-dist/tex/latex/kvsetkeys/kvsetkeys.sty
Package: kvsetkeys 2022-10-05 v1.19 Key value parser (HO)
) (a:/Programs/texlive/2023/texmf-dist/tex/generic/kvdefinekeys/kvdefinekeys.sty
Package: kvdefinekeys 2019-12-19 v1.6 Define keys (HO)
) (a:/Programs/texlive/2023/texmf-dist/tex/generic/pdfescape/pdfescape.sty
Package: pdfescape 2019/12/09 v1.15 Implements pdfTeX's escape features (HO)
) (a:/Programs/texlive/2023/texmf-dist/tex/latex/hycolor/hycolor.sty
Package: hycolor 2020-01-27 v1.10 Color options for hyperref/bookmark (HO)
) (a:/Programs/texlive/2023/texmf-dist/tex/latex/hyperref/nameref.sty
Package: nameref 2023-11-26 v2.56 Cross-referencing by name of section
 (a:/Programs/texlive/2023/texmf-dist/tex/latex/refcount/refcount.sty
Package: refcount 2019/12/15 v3.6 Data extraction from label references (HO)
) (a:/Programs/texlive/2023/texmf-dist/tex/generic/gettitlestring/gettitlestring.sty
Package: gettitlestring 2019/12/15 v1.6 Cleanup title references (HO)
 (a:/Programs/texlive/2023/texmf-dist/tex/latex/kvoptions/kvoptions.sty
Package: kvoptions 2022-06-15 v3.15 Key value format for package options (HO)
))
\c@section@level=\count310
)
\@linkdim=\dimen185
\Hy@linkcounter=\count311
\Hy@pagecounter=\count312
 (a:/Programs/texlive/2023/texmf-dist/tex/latex/hyperref/pd1enc.def
File: pd1enc.def 2024-01-20 v7.01h Hyperref: PDFDocEncoding definition (HO)
Now handling font encoding PD1 ...
... no UTF-8 mapping file for font encoding PD1
) (a:/Programs/texlive/2023/texmf-dist/tex/generic/intcalc/intcalc.sty
Package: intcalc 2019/12/15 v1.3 Expandable calculations with integers (HO)
)
\Hy@SavedSpaceFactor=\count313
 (a:/Programs/texlive/2023/texmf-dist/tex/latex/hyperref/puenc.def
File: puenc.def 2024-01-20 v7.01h Hyperref: PDF Unicode definition (HO)
Now handling font encoding PU ...
... no UTF-8 mapping file for font encoding PU
)
Package hyperref Info: Hyper figures OFF on input line 4179.
Package hyperref Info: Link nesting OFF on input line 4184.
Package hyperref Info: Hyper index ON on input line 4187.
Package hyperref Info: Plain pages OFF on input line 4194.
Package hyperref Info: Backreferencing OFF on input line 4199.
Package hyperref Info: Implicit mode ON; LaTeX internals redefined.
Package hyperref Info: Bookmarks ON on input line 4446.
\c@Hy@tempcnt=\count314
 (a:/Programs/texlive/2023/texmf-dist/tex/latex/url/url.sty
\Urlmuskip=\muskip16
Package: url 2013/09/16  ver 3.4  Verb mode for urls, etc.
)
LaTeX Info: Redefining \url on input line 4784.
\XeTeXLinkMargin=\dimen186
 (a:/Programs/texlive/2023/texmf-dist/tex/generic/bitset/bitset.sty
Package: bitset 2019/12/09 v1.3 Handle bit-vector datatype (HO)
 (a:/Programs/texlive/2023/texmf-dist/tex/generic/bigintcalc/bigintcalc.sty
Package: bigintcalc 2019/12/15 v1.5 Expandable calculations on big integers (HO)
))
\Fld@menulength=\count315
\Field@Width=\dimen187
\Fld@charsize=\dimen188
Package hyperref Info: Hyper figures OFF on input line 6063.
Package hyperref Info: Link nesting OFF on input line 6068.
Package hyperref Info: Hyper index ON on input line 6071.
Package hyperref Info: backreferencing OFF on input line 6078.
Package hyperref Info: Link coloring OFF on input line 6083.
Package hyperref Info: Link coloring with OCG OFF on input line 6088.
Package hyperref Info: PDF/A mode OFF on input line 6093.
 (a:/Programs/texlive/2023/texmf-dist/tex/latex/base/atbegshi-ltx.sty
Package: atbegshi-ltx 2021/01/10 v1.0c Emulation of the original atbegshi
package with kernel methods
)
\Hy@abspage=\count316
\c@Item=\count317
\c@Hfootnote=\count318
)
Package hyperref Info: Driver (autodetected): hpdftex.
 (a:/Programs/texlive/2023/texmf-dist/tex/latex/hyperref/hpdftex.def
File: hpdftex.def 2024-01-20 v7.01h Hyperref driver for pdfTeX
 (a:/Programs/texlive/2023/texmf-dist/tex/latex/base/atveryend-ltx.sty
Package: atveryend-ltx 2020/08/19 v1.0a Emulation of the original atveryend package
with kernel methods
)
\Fld@listcount=\count319
\c@bookmark@seq@number=\count320
 (a:/Programs/texlive/2023/texmf-dist/tex/latex/rerunfilecheck/rerunfilecheck.sty
Package: rerunfilecheck 2022-07-10 v1.10 Rerun checks for auxiliary files (HO)
 (a:/Programs/texlive/2023/texmf-dist/tex/generic/uniquecounter/uniquecounter.sty
Package: uniquecounter 2019/12/15 v1.4 Provide unlimited unique counter (HO)
)
Package uniquecounter Info: New unique counter `rerunfilecheck' on input line 285.
)
\Hy@SectionHShift=\skip66
)
Package hyperref Info: Option `colorlinks' set `true' on input line 46.
 (a:/Programs/texlive/2023/texmf-dist/tex/latex/glossaries/base/glossaries.sty
Package: glossaries 2023/09/29 v4.53 (NLCT)
 (a:/Programs/texlive/2023/texmf-dist/tex/latex/mfirstuc/mfirstuc.sty
Package: mfirstuc 2022/10/14 v2.08 (NLCT)
\@glsmfirst=\toks38
\@glsmrest=\toks39
) (a:/Programs/texlive/2023/texmf-dist/tex/latex/xfor/xfor.sty
Package: xfor 2009/02/05 v1.05 (NLCT)
) (a:/Programs/texlive/2023/texmf-dist/tex/latex/datatool/datatool-base.sty
Package: datatool-base 2019/09/27 v2.32 (NLCT)
 (a:/Programs/texlive/2023/texmf-dist/tex/latex/amsmath/amsmath.sty
Package: amsmath 2023/05/13 v2.17o AMS math features
\@mathmargin=\skip67

For additional information on amsmath, use the `?' option.
(a:/Programs/texlive/2023/texmf-dist/tex/latex/amsmath/amstext.sty
Package: amstext 2021/08/26 v2.01 AMS text
) (a:/Programs/texlive/2023/texmf-dist/tex/latex/amsmath/amsbsy.sty
Package: amsbsy 1999/11/29 v1.2d Bold Symbols
\pmbraise@=\dimen189
) (a:/Programs/texlive/2023/texmf-dist/tex/latex/amsmath/amsopn.sty
Package: amsopn 2022/04/08 v2.04 operator names
)
\inf@bad=\count321
LaTeX Info: Redefining \frac on input line 234.
\uproot@=\count322
\leftroot@=\count323
LaTeX Info: Redefining \overline on input line 399.
LaTeX Info: Redefining \colon on input line 410.
\classnum@=\count324
\DOTSCASE@=\count325
LaTeX Info: Redefining \ldots on input line 496.
LaTeX Info: Redefining \dots on input line 499.
LaTeX Info: Redefining \cdots on input line 620.
\Mathstrutbox@=\box58
\strutbox@=\box59
LaTeX Info: Redefining \big on input line 722.
LaTeX Info: Redefining \Big on input line 723.
LaTeX Info: Redefining \bigg on input line 724.
LaTeX Info: Redefining \Bigg on input line 725.
\big@size=\dimen190
LaTeX Font Info:    Redeclaring font encoding OML on input line 743.
LaTeX Font Info:    Redeclaring font encoding OMS on input line 744.
\macc@depth=\count326
LaTeX Info: Redefining \bmod on input line 905.
LaTeX Info: Redefining \pmod on input line 910.
LaTeX Info: Redefining \smash on input line 940.
LaTeX Info: Redefining \relbar on input line 970.
LaTeX Info: Redefining \Relbar on input line 971.
\c@MaxMatrixCols=\count327
\dotsspace@=\muskip17
\c@parentequation=\count328
\dspbrk@lvl=\count329
\tag@help=\toks40
\row@=\count330
\column@=\count331
\maxfields@=\count332
\andhelp@=\toks41
\eqnshift@=\dimen191
\alignsep@=\dimen192
\tagshift@=\dimen193
\tagwidth@=\dimen194
\totwidth@=\dimen195
\lineht@=\dimen196
\@envbody=\toks42
\multlinegap=\skip68
\multlinetaggap=\skip69
\mathdisplay@stack=\toks43
LaTeX Info: Redefining \[ on input line 2953.
LaTeX Info: Redefining \] on input line 2954.
) (a:/Programs/texlive/2023/texmf-dist/tex/latex/substr/substr.sty
Package: substr 2009/10/20 v1.2 Handle substrings
\c@su@anzahl=\count333
) (a:/Programs/texlive/2023/texmf-dist/tex/latex/datatool/datatool-fp.sty
Package: datatool-fp 2019/09/27 v2.32 (NLCT)
 (a:/Programs/texlive/2023/texmf-dist/tex/latex/fp/fp.sty
Package: fp 1995/04/02
 `Fixed Point Package', Version 0.8, April 2, 1995 (C) Michael Mehlich (a:/Programs/texlive/2023/texmf-dist/tex/latex/fp/defpattern.sty
Package: defpattern 1994/10/12
\actioncount=\count334
) (a:/Programs/texlive/2023/texmf-dist/tex/latex/fp/fp-basic.sty
Package: fp-basic 1996/05/13
\FP@xs=\count335
\FP@xia=\count336
\FP@xib=\count337
\FP@xfa=\count338
\FP@xfb=\count339
\FP@rega=\count340
\FP@regb=\count341
\FP@regs=\count342
\FP@times=\count343
) (a:/Programs/texlive/2023/texmf-dist/tex/latex/fp/fp-addons.sty
Package: fp-addons 1995/03/15
) (a:/Programs/texlive/2023/texmf-dist/tex/latex/fp/fp-snap.sty
Package: fp-snap 1995/04/05
) (a:/Programs/texlive/2023/texmf-dist/tex/latex/fp/fp-exp.sty
Package: fp-exp 1995/04/03
) (a:/Programs/texlive/2023/texmf-dist/tex/latex/fp/fp-trigo.sty
Package: fp-trigo 1995/04/14
) (a:/Programs/texlive/2023/texmf-dist/tex/latex/fp/fp-pas.sty
Package: fp-pas 1994/08/29
) (a:/Programs/texlive/2023/texmf-dist/tex/latex/fp/fp-random.sty
Package: fp-random 1995/02/23
\FPseed=\count344
) (a:/Programs/texlive/2023/texmf-dist/tex/latex/fp/fp-eqn.sty
Package: fp-eqn 1995/04/03
) (a:/Programs/texlive/2023/texmf-dist/tex/latex/fp/fp-upn.sty
Package: fp-upn 1996/10/21
) (a:/Programs/texlive/2023/texmf-dist/tex/latex/fp/fp-eval.sty
Package: fp-eval 1995/04/03
)))
\@dtl@toks=\toks44
\@dtl@tmpcount=\count345
\dtl@tmplength=\skip70
\dtl@sortresult=\count346
\@dtl@numgrpsepcount=\count347
\@dtl@datatype=\count348
\dtl@codeA=\count349
\dtl@codeB=\count350
\@dtl@foreach@level=\count351
) (a:/Programs/texlive/2023/texmf-dist/tex/latex/tracklang/tracklang.sty
Package: tracklang 2022/12/13 v1.6.1 (NLCT) Track Languages
 (a:/Programs/texlive/2023/texmf-dist/tex/generic/tracklang/tracklang.tex)) (a:/Programs/texlive/2023/texmf-dist/tex/latex/translator/translator.sty
Package: translator 2021-05-31 v1.12d Easy translation of strings in LaTeX
) (a:/Programs/texlive/2023/texmf-dist/tex/latex/glossaries-english/glossaries-english.ldf
File: glossaries-english.ldf 2014/11/23 v1.0
)
\gls@level=\count352
\@gls@tmpb=\toks45
\gls@tmplen=\skip71
\glskeylisttok=\toks46
\glslabeltok=\toks47
\glsshorttok=\toks48
\glslongtok=\toks49
 (a:/Programs/texlive/2023/texmf-dist/tex/latex/glossaries/styles/glossary-hypernav.sty
Package: glossary-hypernav 2023/09/29 v4.53 (NLCT)
) (a:/Programs/texlive/2023/texmf-dist/tex/latex/glossaries/styles/glossary-list.sty
Package: glossary-list 2023/09/29 v4.53 (NLCT)
\glslistdottedwidth=\skip72
) (a:/Programs/texlive/2023/texmf-dist/tex/latex/glossaries/styles/glossary-long.sty
Package: glossary-long 2023/09/29 v4.53 (NLCT)
 (a:/Programs/texlive/2023/texmf-dist/tex/latex/tools/longtable.sty
Package: longtable 2023-11-01 v4.19 Multi-page Table package (DPC)
\LTleft=\skip73
\LTright=\skip74
\LTpre=\skip75
\LTpost=\skip76
\LTchunksize=\count353
\LTcapwidth=\dimen197
\LT@head=\box60
\LT@firsthead=\box61
\LT@foot=\box62
\LT@lastfoot=\box63
\LT@gbox=\box64
\LT@cols=\count354
\LT@rows=\count355
\c@LT@tables=\count356
\c@LT@chunks=\count357
\LT@p@ftn=\toks50
)
\glsdescwidth=\skip77
\glspagelistwidth=\skip78
) (a:/Programs/texlive/2023/texmf-dist/tex/latex/glossaries/styles/glossary-super.sty
Package: glossary-super 2023/09/29 v4.53 (NLCT)
 (a:/Programs/texlive/2023/texmf-dist/tex/latex/supertabular/supertabular.sty
Package: supertabular 2020/02/02 v4.1g the supertabular environment
\c@tracingst=\count358
\ST@wd=\dimen198
\ST@rightskip=\skip79
\ST@leftskip=\skip80
\ST@parfillskip=\skip81
\ST@pageleft=\dimen199
\ST@headht=\dimen256
\ST@tailht=\dimen257
\ST@pagesofar=\dimen258
\ST@pboxht=\dimen259
\ST@lineht=\dimen260
\ST@prevht=\dimen261
\ST@toadd=\dimen262
\ST@dimen=\dimen263
\ST@pbox=\box65
)) (a:/Programs/texlive/2023/texmf-dist/tex/latex/glossaries/styles/glossary-tree.sty
Package: glossary-tree 2023/09/29 v4.53 (NLCT)
\glstreeindent=\skip82
))
\glswrite=\write4
\glo@main@file=\write5
\openout5 = `main.glo'.

Package glossaries Info: Writing glossary file main.glo on input line 49.
\glo@acronym@file=\write6
\openout6 = `main.acn'.

Package glossaries Info: Writing glossary file main.acn on input line 49.
) (a:/Programs/texlive/2023/texmf-dist/tex/latex/l3backend/l3backend-pdftex.def
File: l3backend-pdftex.def 2024-01-04 L3 backend support: PDF output (pdfTeX)
\l__color_backend_stack_int=\count359
\l__pdf_internal_box=\box66
) (./main.aux (./Chapters/TitlePage.aux) (./Chapters/Abstract.aux) (./Chapters/Chapter1.aux) (./Chapters/Chapter2.aux) (./Chapters/Chapter3.aux

LaTeX Warning: Label `fig:mysvg' multiply defined.

) (./Chapters/Chapter4.aux) (./Chapters/Chapter5.aux))
\openout1 = `main.aux'.

LaTeX Font Info:    Checking defaults for OML/cmm/m/it on input line 8.
LaTeX Font Info:    ... okay on input line 8.
LaTeX Font Info:    Checking defaults for OMS/cmsy/m/n on input line 8.
LaTeX Font Info:    ... okay on input line 8.
LaTeX Font Info:    Checking defaults for OT1/cmr/m/n on input line 8.
LaTeX Font Info:    ... okay on input line 8.
LaTeX Font Info:    Checking defaults for T1/cmr/m/n on input line 8.
LaTeX Font Info:    ... okay on input line 8.
LaTeX Font Info:    Checking defaults for TS1/cmr/m/n on input line 8.
LaTeX Font Info:    ... okay on input line 8.
LaTeX Font Info:    Checking defaults for OMX/cmex/m/n on input line 8.
LaTeX Font Info:    ... okay on input line 8.
LaTeX Font Info:    Checking defaults for U/cmr/m/n on input line 8.
LaTeX Font Info:    ... okay on input line 8.
LaTeX Font Info:    Checking defaults for PD1/pdf/m/n on input line 8.
LaTeX Font Info:    ... okay on input line 8.
LaTeX Font Info:    Checking defaults for PU/pdf/m/n on input line 8.
LaTeX Font Info:    ... okay on input line 8.

*geometry* driver: auto-detecting
*geometry* detected driver: pdftex
*geometry* verbose mode - [ preamble ] result:
* driver: pdftex
* paper: <default>
* layout: <same size as paper>
* layoutoffset:(h,v)=(0.0pt,0.0pt)
* modes: 
* h-part:(L,W,R)=(71.13188pt, 443.57848pt, 99.58464pt)
* v-part:(T,H,B)=(56.9055pt, 642.66711pt, 95.39737pt)
* \paperwidth=614.295pt
* \paperheight=794.96999pt
* \textwidth=443.57848pt
* \textheight=642.66711pt
* \oddsidemargin=-1.1381pt
* \evensidemargin=-1.1381pt
* \topmargin=-52.36449pt
* \headheight=14.49998pt
* \headsep=25.0pt
* \topskip=12.0pt
* \footskip=30.0pt
* \marginparwidth=44.0pt
* \marginparsep=10.0pt
* \columnsep=10.0pt
* \skip\footins=10.8pt plus 4.0pt minus 2.0pt
* \hoffset=0.0pt
* \voffset=0.0pt
* \mag=1000
* \@twocolumnfalse
* \@twosidefalse
* \@mparswitchfalse
* \@reversemarginfalse
* (1in=72.27pt=25.4mm, 1cm=28.453pt)

(a:/Programs/texlive/2023/texmf-dist/tex/context/base/mkii/supp-pdf.mkii
[Loading MPS to PDF converter (version 2006.09.02).]
\scratchcounter=\count360
\scratchdimen=\dimen264
\scratchbox=\box67
\nofMPsegments=\count361
\nofMParguments=\count362
\everyMPshowfont=\toks51
\MPscratchCnt=\count363
\MPscratchDim=\dimen265
\MPnumerator=\count364
\makeMPintoPDFobject=\count365
\everyMPtoPDFconversion=\toks52
) (a:/Programs/texlive/2023/texmf-dist/tex/latex/epstopdf-pkg/epstopdf-base.sty
Package: epstopdf-base 2020-01-24 v2.11 Base part for package epstopdf
Package epstopdf-base Info: Redefining graphics rule for `.eps' on input line 485.
 (a:/Programs/texlive/2023/texmf-dist/tex/latex/latexconfig/epstopdf-sys.cfg
File: epstopdf-sys.cfg 2010/07/13 v1.3 Configuration of (r)epstopdf for TeX Live
))
Package hyperref Info: Link coloring ON on input line 8.
 (./main.out) (./main.out)
\@outlinefile=\write7
\openout7 = `main.out'.

\openout2 = `Chapters/TitlePage.aux'.

 (./Chapters/TitlePage.tex
<Figures/nuLogo.png, id=228, 272.9397pt x 75.1608pt>
File: Figures/nuLogo.png Graphic file (type png)
<use Figures/nuLogo.png>
Package pdftex.def Info: Figures/nuLogo.png  used on input line 4.
(pdftex.def)             Requested size: 266.14978pt x 73.29121pt.
 [1

\openout4 = `main.ist'.


{a:/Programs/texlive/2023/texmf-var/fonts/map/pdftex/updmap/pdftex.map} <./Figures/nuLogo.png>])
\openout2 = `Chapters/Abstract.aux'.

 (./Chapters/Abstract.tex
pdfTeX warning (ext4): destination with the same identifier (name{page.i}) has been already used, duplicate ignored
<to be read again> 
                   \relax 
l.15 \begin{abstract}
                      [1



{a:/Programs/texlive/2023/texmf-dist/fonts/enc/dvips/cm-super/cm-super-ts1.enc}]
pdfTeX warning (ext4): destination with the same identifier (name{page.i}) has been already used, duplicate ignored
<to be read again> 
                   \relax 
l.17 \end{abstract}
                    [1]) (./main.toc
pdfTeX warning (ext4): destination with the same identifier (name{page.i}) has been already used, duplicate ignored
<to be read again> 
                   \relax 
l.48 ...}Data Flow Diagrams}{47}{subsection.3.1.9}
                                                  % [1



] [2])
\tf@toc=\write8
\openout8 = `main.toc'.

 [3] (./main.lof [4

])
\tf@lof=\write9
\openout9 = `main.lof'.

 [5] (./main.lot)
\tf@lot=\write10
\openout10 = `main.lot'.


No file main.acr.
[6

]
\openout2 = `Chapters/Chapter1.aux'.

 (./Chapters/Chapter1.tex
Chapter 1.
[1


] [2] [3] [4]) [5]
\openout2 = `Chapters/Chapter2.aux'.

 (./Chapters/Chapter2.tex
Chapter 2.
[6




]
Overfull \hbox (11.65855pt too wide) in paragraph at lines 28--29
[]\OT1/cmr/m/n/12 A sub-se-quent shift to-wards sta-tis-ti-cal and ma-chine learn-ing ap-proaches fu-eled progress,
 []

[7]
Overfull \hbox (5.3238pt too wide) in paragraph at lines 30--31
[]\OT1/cmr/m/n/12 Significant achieve-ments, such as the suc-cess of con-vo-lu-tional neu-ral net-works (CNNs)
 []

[8]) [9]
\openout2 = `Chapters/Chapter3.aux'.

 (./Chapters/Chapter3.tex
Chapter 3.
[10




]
Overfull \hbox (11.69339pt too wide) in paragraph at lines 23--24
[]\OT1/cmr/bx/n/12 Patient Con-tex-tu-al-iza-tion: \OT1/cmr/m/n/12 Med-i-bot of-fers in-sights de-rived from patient-reported
 []

<./Figures/System Context.png, id=450, 684.5575pt x 188.705pt>
File: ./Figures/System Context.png Graphic file (type png)
<use ./Figures/System Context.png>
Package pdftex.def Info: ./Figures/System Context.png  used on input line 35.
(pdftex.def)             Requested size: 354.86412pt x 97.82481pt.
[11 <./Figures/System Context.png>] [12] [13] [14]
<./Figures/use_case.jpg, id=477, 2951.025pt x 1826.825pt>
File: ./Figures/use_case.jpg Graphic file (type jpg)
<use ./Figures/use_case.jpg>
Package pdftex.def Info: ./Figures/use_case.jpg  used on input line 164.
(pdftex.def)             Requested size: 354.86412pt x 219.65553pt.
 [15 <./Figures/use_case.jpg>]
<./Figures/api.jpg, id=485, 1066.98625pt x 943.525pt>
File: ./Figures/api.jpg Graphic file (type jpg)
<use ./Figures/api.jpg>
Package pdftex.def Info: ./Figures/api.jpg  used on input line 181.
(pdftex.def)             Requested size: 354.86412pt x 313.7973pt.
 [16 <./Figures/api.jpg>] [17] [18] [19] [20] [21]
Underfull \hbox (badness 10000) in paragraph at lines 379--379
[]|\OT1/cmr/m/n/12 Main Suc-cess
 []


LaTeX Warning: Float too large for page by 85.1163pt on input line 406.


LaTeX Warning: `!h' float specifier changed to `!ht'.


Underfull \hbox (badness 10000) in paragraph at lines 417--417
[]|\OT1/cmr/m/n/12 Main Suc-cess
 []


LaTeX Warning: `!h' float specifier changed to `!ht'.


Underfull \hbox (badness 10000) in paragraph at lines 447--447
[]|\OT1/cmr/m/n/12 Main Suc-cess
 []


LaTeX Warning: `!h' float specifier changed to `!ht'.


Underfull \hbox (badness 10000) in paragraph at lines 516--516
[]|\OT1/cmr/m/n/12 Main Suc-cess
 []


LaTeX Warning: `!h' float specifier changed to `!ht'.


Underfull \hbox (badness 10000) in paragraph at lines 538--538
[]|\OT1/cmr/m/n/12 Main Suc-cess
 []


LaTeX Warning: `!h' float specifier changed to `!ht'.


Underfull \hbox (badness 10000) in paragraph at lines 558--558
[]|\OT1/cmr/m/n/12 Main Suc-cess
 []


LaTeX Warning: `!h' float specifier changed to `!ht'.


Underfull \hbox (badness 10000) in paragraph at lines 632--632
[]|\OT1/cmr/m/n/12 Main Suc-cess
 []


LaTeX Warning: `!h' float specifier changed to `!ht'.


Underfull \hbox (badness 10000) in paragraph at lines 652--652
[]|\OT1/cmr/m/n/12 Main Suc-cess
 []


LaTeX Warning: `!h' float specifier changed to `!ht'.


Underfull \hbox (badness 10000) in paragraph at lines 691--691
[]|\OT1/cmr/m/n/12 Main Suc-cess
 []


LaTeX Warning: `!h' float specifier changed to `!ht'.


Underfull \hbox (badness 10000) in paragraph at lines 710--710
[]|\OT1/cmr/m/n/12 Main Suc-cess
 []


LaTeX Warning: `!h' float specifier changed to `!ht'.


Underfull \hbox (badness 10000) in paragraph at lines 729--729
[]|\OT1/cmr/m/n/12 Main Suc-cess
 []


LaTeX Warning: `!h' float specifier changed to `!ht'.


Underfull \hbox (badness 10000) in paragraph at lines 768--768
[]|\OT1/cmr/m/n/12 Main Suc-cess
 []


LaTeX Warning: `!h' float specifier changed to `!ht'.


Underfull \hbox (badness 10000) in paragraph at lines 787--787
[]|\OT1/cmr/m/n/12 Main Suc-cess
 []


LaTeX Warning: `!h' float specifier changed to `!ht'.

[22

] [23] [24] [25] [26] [27] [28] [29] [30] [31] [32] [33] [34] [35] [36

]
<Figures/System_design_diagram.png, id=581, 1495.08563pt x 609.32643pt>
File: Figures/System_design_diagram.png Graphic file (type png)
<use Figures/System_design_diagram.png>
Package pdftex.def Info: Figures/System_design_diagram.png  used on input line 890.
(pdftex.def)             Requested size: 354.86412pt x 144.62355pt.
 [37] [38 <./Figures/System_design_diagram.png>]
<./Figures/data.png, id=595, 641.39626pt x 355.3275pt>
File: ./Figures/data.png Graphic file (type png)
<use ./Figures/data.png>
Package pdftex.def Info: ./Figures/data.png  used on input line 933.
(pdftex.def)             Requested size: 266.14978pt x 147.44731pt.
 [39 <./Figures/data.png>] [40] [41]
<./Figures/web-login.png, id=611, 1443.89438pt x 708.39656pt>
File: ./Figures/web-login.png Graphic file (type png)
<use ./Figures/web-login.png>
Package pdftex.def Info: ./Figures/web-login.png  used on input line 1005.
(pdftex.def)             Requested size: 266.14978pt x 130.5757pt.
 [42]
<./Figures/web-chat.png, id=617, 1154.06157pt x 696.35156pt>
File: ./Figures/web-chat.png Graphic file (type png)
<use ./Figures/web-chat.png>
Package pdftex.def Info: ./Figures/web-chat.png  used on input line 1012.
(pdftex.def)             Requested size: 266.14978pt x 160.59312pt.
<./Figures/web-chat-history.png, id=618, 1434.10782pt x 697.10437pt>
File: ./Figures/web-chat-history.png Graphic file (type png)
<use ./Figures/web-chat-history.png>
Package pdftex.def Info: ./Figures/web-chat-history.png  used on input line 1019.
(pdftex.def)             Requested size: 266.14978pt x 129.36649pt.
<./Figures/web-xray.png, id=619, 1415.2875pt x 694.84593pt>
File: ./Figures/web-xray.png Graphic file (type png)
<use ./Figures/web-xray.png>
Package pdftex.def Info: ./Figures/web-xray.png  used on input line 1026.
(pdftex.def)             Requested size: 266.14978pt x 130.66498pt.
 [43 <./Figures/web-login.png> <./Figures/web-chat.png> <./Figures/web-chat-history.png>]
<./Figures/web-settings.png, id=627, 622.57594pt x 357.58594pt>
File: ./Figures/web-settings.png Graphic file (type png)
<use ./Figures/web-settings.png>
Package pdftex.def Info: ./Figures/web-settings.png  used on input line 1033.
(pdftex.def)             Requested size: 266.14978pt x 152.86957pt.
<./Figures/mobile-login.jpg, id=628, 593.21625pt x 1284.8pt>
File: ./Figures/mobile-login.jpg Graphic file (type jpg)
<use ./Figures/mobile-login.jpg>
Package pdftex.def Info: ./Figures/mobile-login.jpg  used on input line 1042.
(pdftex.def)             Requested size: 133.07489pt x 288.20493pt.
<./Figures/mobile-menu.jpg, id=629, 593.21625pt x 1284.8pt>
File: ./Figures/mobile-menu.jpg Graphic file (type jpg)
<use ./Figures/mobile-menu.jpg>
Package pdftex.def Info: ./Figures/mobile-menu.jpg  used on input line 1048.
(pdftex.def)             Requested size: 133.07489pt x 288.20493pt.
<./Figures/mobile-chat-history.jpg, id=630, 593.21625pt x 1284.8pt>
File: ./Figures/mobile-chat-history.jpg Graphic file (type jpg)
<use ./Figures/mobile-chat-history.jpg>
Package pdftex.def Info: ./Figures/mobile-chat-history.jpg  used on input line 1054.
(pdftex.def)             Requested size: 133.07489pt x 288.20493pt.
<./Figures/mobile-chat.jpg, id=631, 593.21625pt x 1284.8pt>
File: ./Figures/mobile-chat.jpg Graphic file (type jpg)
<use ./Figures/mobile-chat.jpg>
Package pdftex.def Info: ./Figures/mobile-chat.jpg  used on input line 1065.
(pdftex.def)             Requested size: 133.07489pt x 288.20493pt.
<./Figures/mobile-xray.jpg, id=632, 593.21625pt x 1284.8pt>
File: ./Figures/mobile-xray.jpg Graphic file (type jpg)
<use ./Figures/mobile-xray.jpg>
Package pdftex.def Info: ./Figures/mobile-xray.jpg  used on input line 1071.
(pdftex.def)             Requested size: 133.07489pt x 288.20493pt.
 [44 <./Figures/web-xray.png> <./Figures/web-settings.png>] [45 <./Figures/mobile-login.jpg> <./Figures/mobile-menu.jpg> <./Figures/mobile-chat-history.jpg>] [46 <./Figures/mobile-chat.jpg> <./Figures/mobile-xray.jpg>]
<./Figures/Dataflow Chat.png, id=648, 744.8628pt x 284.5029pt>
File: ./Figures/Dataflow Chat.png Graphic file (type png)
<use ./Figures/Dataflow Chat.png>
Package pdftex.def Info: ./Figures/Dataflow Chat.png  used on input line 1085.
(pdftex.def)             Requested size: 266.14978pt x 101.6569pt.
<./Figures/Dataflow Xray.png, id=649, 693.792pt x 258.7266pt>
File: ./Figures/Dataflow Xray.png Graphic file (type png)
<use ./Figures/Dataflow Xray.png>
Package pdftex.def Info: ./Figures/Dataflow Xray.png  used on input line 1092.
(pdftex.def)             Requested size: 266.14978pt x 99.25275pt.
<./Figures/Dataflow Lab Report.png, id=650, 659.1024pt x 252.4632pt>
File: ./Figures/Dataflow Lab Report.png Graphic file (type png)
<use ./Figures/Dataflow Lab Report.png>
Package pdftex.def Info: ./Figures/Dataflow Lab Report.png  used on input line 1099.
(pdftex.def)             Requested size: 266.14978pt x 101.94655pt.
<./Figures/Dataflow Agents System.png, id=651, 666.3294pt x 407.3619pt>
File: ./Figures/Dataflow Agents System.png Graphic file (type png)
<use ./Figures/Dataflow Agents System.png>
Package pdftex.def Info: ./Figures/Dataflow Agents System.png  used on input line 1106.
(pdftex.def)             Requested size: 266.14978pt x 162.71187pt.
 [47

 <./Figures/Dataflow Chat.png> <./Figures/Dataflow Xray.png> <./Figures/Dataflow Lab Report.png>]
File: ./Figures/Dataflow Xray.png Graphic file (type png)
<use ./Figures/Dataflow Xray.png>
Package pdftex.def Info: ./Figures/Dataflow Xray.png  used on input line 1113.
(pdftex.def)             Requested size: 266.14978pt x 99.25275pt.
<./Figures/Dataflow Lab Reports.png, id=659, 629.7126pt x 222.5916pt>
File: ./Figures/Dataflow Lab Reports.png Graphic file (type png)
<use ./Figures/Dataflow Lab Reports.png>
Package pdftex.def Info: ./Figures/Dataflow Lab Reports.png  used on input line 1120.
(pdftex.def)             Requested size: 266.14978pt x 94.08221pt.
 [48 <./Figures/Dataflow Agents System.png> <./Figures/Dataflow Lab Reports.png>] [49] [50] [51] [52]) [53] [54]
\openout2 = `Chapters/Chapter4.aux'.

 (./Chapters/Chapter4.tex
Chapter 4.
<./Figures/FrontendCodeStructure.png, id=693, 303.534pt x 234.8775pt>
File: ./Figures/FrontendCodeStructure.png Graphic file (type png)
<use ./Figures/FrontendCodeStructure.png>
Package pdftex.def Info: ./Figures/FrontendCodeStructure.png  used on input line 11.
(pdftex.def)             Requested size: 354.86412pt x 274.59769pt.
[55




]
Overfull \hbox (0.94975pt too wide) in paragraph at lines 18--19
[]\OT1/cmr/bx/n/12 Components: \OT1/cmr/m/n/12 This di-rec-tory hosts reusable UI el-e-ments such as but-tons, modals,
 []

[56 <./Figures/FrontendCodeStructure.png>]
<./Figures/BackendCodeStructure.png, id=703, 326.6604pt x 224.037pt>
File: ./Figures/BackendCodeStructure.png Graphic file (type png)
<use ./Figures/BackendCodeStructure.png>
Package pdftex.def Info: ./Figures/BackendCodeStructure.png  used on input line 32.
(pdftex.def)             Requested size: 354.86412pt x 243.38187pt.
 [57 <./Figures/BackendCodeStructure.png>]
Overfull \hbox (11.36856pt too wide) in paragraph at lines 47--48
[]\OT1/cmr/bx/n/12 .env: \OT1/cmr/m/n/12 A con-fig-u-ra-tion file that stores environment-specific vari-ables such as database
 []

<./Figures/AgentCodeStructure.png, id=709, 325.215pt x 112.0185pt>
File: ./Figures/AgentCodeStructure.png Graphic file (type png)
<use ./Figures/AgentCodeStructure.png>
Package pdftex.def Info: ./Figures/AgentCodeStructure.png  used on input line 59.
(pdftex.def)             Requested size: 443.57848pt x 152.79948pt.
[58] [59 <./Figures/AgentCodeStructure.png>]
<./Figures/CVCodeStructure.png, id=723, 344.7279pt x 328.8285pt>
File: ./Figures/CVCodeStructure.png Graphic file (type png)
<use ./Figures/CVCodeStructure.png>
Package pdftex.def Info: ./Figures/CVCodeStructure.png  used on input line 98.
(pdftex.def)             Requested size: 443.57848pt x 423.12682pt.
 [60] [61 <./Figures/CVCodeStructure.png>] [62] [63] [64] [65]
Overfull \hbox (10.8634pt too wide) in paragraph at lines 209--209
[]\OT1/cmr/bx/n/17.28 Data Pro-cess-ing and Gen-er-a-tion of New Datasets 
 []

[66] [67] [68] [69] [70]
Overfull \hbox (1.48393pt too wide) in paragraph at lines 309--310
[]\OT1/cmr/bx/n/12 Target Mod-ules\OT1/cmr/m/n/12 : "q[]proj", "k[]proj", "v[]proj", "o[]proj", "gate[]proj", "up[]proj",
 []

[71]
Overfull \hbox (87.47179pt too wide) in paragraph at lines 322--322
[]\OT1/cmtt/m/n/12 system: You are a medical assistant specialized in extracting symptoms from sentences.[] 
 []

[72] [73]) [74]
\openout2 = `Chapters/Chapter5.aux'.

 (./Chapters/Chapter5.tex
Chapter 5.
[75




]
<./Figures/azurefund.png, id=826, 1441.63594pt x 671.50874pt>
File: ./Figures/azurefund.png Graphic file (type png)
<use ./Figures/azurefund.png>
Package pdftex.def Info: ./Figures/azurefund.png  used on input line 23.
(pdftex.def)             Requested size: 443.57848pt x 206.60811pt.
 [76]
Overfull \hbox (8.12341pt too wide) in paragraph at lines 34--35
[]\OT1/cmr/bx/n/12 Interoperability: \OT1/cmr/m/n/12 En-sur-ing Med-i-bot can seam-lessly in-te-grate with ex-ist-ing health-
 []

[77 <./Figures/azurefund.png>] [78]) [79] [80] (./main.bbl
Underfull \hbox (badness 1668) in paragraph at lines 13--14
\OT1/cmr/m/n/12 clas-si-fi-ca-tion and lo-cal-iza-tion of com-mon tho-rax dis-eases,'' \OT1/cmr/m/it/12 arXiv preprint
 []

[81



]) [82] (./main.aux (./Chapters/TitlePage.aux) (./Chapters/Abstract.aux) (./Chapters/Chapter1.aux) (./Chapters/Chapter2.aux) (./Chapters/Chapter3.aux) (./Chapters/Chapter4.aux) (./Chapters/Chapter5.aux))
 ***********
LaTeX2e <2023-11-01> patch level 1
L3 programming layer <2024-01-22>
 ***********


LaTeX Warning: There were multiply-defined labels.

Package rerunfilecheck Info: File `main.out' has not changed.
(rerunfilecheck)             Checksum: BD8CE67FA97F7226668A0361D82C754C;9558.
 ) 
Here is how much of TeX's memory you used:
 21359 strings out of 474222
 381064 string characters out of 5745682
 1964978 words of memory out of 5000000
 42923 multiletter control sequences out of 15000+600000
 564808 words of font info for 59 fonts, out of 8000000 for 9000
 1141 hyphenation exceptions out of 8191
 100i,12n,96p,2427b,731s stack positions out of 10000i,1000n,20000p,200000b,200000s
<a:/Programs/texlive/2023/texmf-dist/fonts/type1/public/amsfonts/cm/cmbx12.pfb><a:/Programs/texlive/2023/texmf-dist/fonts/type1/public/amsfonts/cm/cmmi12.pfb><a:/Programs/texlive/2023/texmf-dist/fonts/type1/public/amsfonts/cm/cmr12.pfb><a:/Programs/texlive/2023/texmf-dist/fonts/type1/public/amsfonts/cm/cmr8.pfb><a:/Programs/texlive/2023/texmf-dist/fonts/type1/public/amsfonts/cm/cmsl12.pfb><a:/Programs/texlive/2023/texmf-dist/fonts/type1/public/amsfonts/cm/cmsy10.pfb><a:/Programs/texlive/2023/texmf-dist/fonts/type1/public/amsfonts/cm/cmti12.pfb><a:/Programs/texlive/2023/texmf-dist/fonts/type1/public/amsfonts/cm/cmtt12.pfb><a:/Programs/texlive/2023/texmf-dist/fonts/type1/public/cm-super/sfrm1200.pfb>
Output written on main.pdf (91 pages, 3094304 bytes).
PDF statistics:
 981 PDF objects out of 1000 (max. 8388607)
 816 compressed objects within 9 object streams
 264 named destinations out of 1000 (max. 500000)
 583 words of extra memory for PDF output out of 10000 (max. 10000000)

